{
  "RSpec": {
    "coverage": {
      "/Users/michaelredgrave/Projects/bank_tech_test/lib/account.rb": [
        null,
        null,
        1,
        null,
        1,
        1,
        null,
        1,
        null,
        1,
        7,
        7,
        null,
        null,
        1,
        4,
        4,
        null,
        null,
        null,
        null,
        null,
        null,
        null,
        1,
        2,
        null,
        1,
        1,
        null,
        null,
        null,
        null,
        null,
        null,
        null,
        1,
        1,
        null,
        null
      ],
      "/Users/michaelredgrave/Projects/bank_tech_test/lib/transaction.rb": [
        null,
        null,
        null,
        null,
        null,
        null,
        null,
        null,
        null,
        null,
        null
      ],
      "/Users/michaelredgrave/Projects/bank_tech_test/lib/statement.rb": [
        null,
        null,
        null,
        null,
        null,
        null,
        null,
        null,
        null
      ]
    },
    "timestamp": 1569588950
  }
}
